Running Horn-Schunck optical flow...
Loaded images - Frame1: [1280 x 720] Frame2: [1280 x 720]
iter 0
iter 1
iter 2
iter 3
iter 4
iter 5
iter 6
iter 7
iter 8
iter 9
iter 10
iter 11
iter 12
iter 13
iter 14
iter 15
iter 16
iter 17
iter 18
iter 19
iter 20
iter 21
iter 22
iter 23
iter 24
iter 25
iter 26
iter 27
iter 28
iter 29
iter 30
iter 31
iter 32
iter 33
iter 34
iter 35
iter 36
iter 37
iter 38
iter 39
iter 40
iter 41
iter 42
iter 43
iter 44
iter 45
iter 46
iter 47
iter 48
iter 49
iter 50
iter 51
iter 52
iter 53
iter 54
iter 55
iter 56
iter 57
iter 58
iter 59
iter 60
iter 61
iter 62
iter 63
iter 64
iter 65
iter 66
iter 67
iter 68
iter 69
iter 70
iter 71
iter 72
iter 73
iter 74
iter 75
iter 76
iter 77
iter 78
iter 79
iter 80
iter 81
iter 82
iter 83
iter 84
iter 85
iter 86
iter 87
iter 88
iter 89
iter 90
iter 91
iter 92
iter 93
iter 94
iter 95
iter 96
iter 97
iter 98
iter 99
Flow data written to optical_flow.csv
-0.926264 0.969703
-15.3357 4.80664
-3.14652 -2.7988
2.86274 -0.785431
-1.20406 -0.491667
-0.366345 -1.80271
2.54658 -2.34575
0.137913 -3.66899
-0.712705 -5.67199
0.592666 -7.30036
-8.09042 -13.8789
1.82533 -1.06333
22.0879 5.49992
7.82221 11.1165
0.710684 7.71387
-1.0526 4.508
-0.530019 2.71121
0.926795 2.39147
4.81075 2.21857
1.07771 1.35311
3.12044 0.62383
-0.970816 1.27441
-5.84851 2.04461
0.852399 1.23069
-2.08349 1.19084
0.437119 0.860239
-0.0194222 -1.59248
0.110037 -2.16391
-1.40305 -0.830366
1.69812 -0.634703
-0.552766 -0.17817
0.103202 0.848506
0.0574117 -0.775236
-0.942371 -0.367172
-0.656938 -0.144148
2.39349 0.0716211
-0.609074 -0.265232
-0.728545 -1.05807
-0.191887 -0.326272
-0.691649 -0.211487
-0.45804 -0.363769
-2.04996 -0.403194
0.331707 -0.497222
0.037167 -0.182807
-1.01147 -1.13381
0.11805 -0.329721
-0.0491874 0.00557943
0.0730914 -0.301288
0.246299 -0.176927
-0.101796 -0.424319
0.566917 -0.261321
-0.231993 -0.253939
0.25569 -0.0964647
0.352782 -0.129034
-0.151127 -0.00642065
0.0363341 -0.225276
-1.18553 -0.314637
0.369936 -0.961545
0.141165 -0.0249703
1.24506 0.564826
-0.432433 -1.21972
-0.81974 -0.265615
1.3166 -0.456058
-2.89089 -0.734742
-1.95255 -1.08216
0.51981 -1.52357
-0.665251 -0.567471
-0.082149 -0.425272
-1.17285 -0.692312
2.62579 -0.891848
-2.51932 -0.979409
4.62317 0.311231
0.915986 1.16885
-1.09337 -0.393048
0.871936 -0.489268
-0.180842 -0.232472
0.0786103 -0.250323
1.77394 -0.527318
-0.218235 -0.368691
-0.950309 -0.663525
0.102482 -0.796331
-0.274413 -1.09528
0.296738 -0.645758
-2.93984 -3.65695
0.781068 -0.35713
6.62648 -8.8254
1.24754 -9.48999
1.76742 -1.69717
-9.22535 -12.0958
11.1293 -7.90566
7.10003 6.30262
-1.20596 -1.34654
0.548581 -2.0915
-7.73547 10.6213
1.52793 3.41247
-3.47312 -2.55706
5.92687 11.5315
-2.06622 2.92779
2.04326 2.34466
-3.38571 -0.830507
-0.787919 -4.2481
2.29523 -1.43331
1.21717 -0.601459
5.26275 -0.833907
-0.250299 -5.7939
2.68114 -2.23687
-6.61091 -6.87084
-8.39702 -6.57485
-4.17423 -6.40318
2.80992 -8.86079
-2.7676 -9.05879
9.00271 21.8639
-5.59397 8.17133
-5.57042 1.63196
-9.28345 3.11561
20.2036 3.32922
-15.0094 2.15398
4.83427 -0.695416
1.28056 3.10684
0.00613817 2.66907
-0.118374 1.78929
1.67543 2.4488
-2.31482 2.1406
-0.502528 1.86612
-0.607533 1.71684
0.487335 1.79249
3.55826 1.11808
0.0631656 0.135146
2.3992 1.86296
-3.2899 1.473
-1.45577 -1.04673
-1.78027 0.903708
0.530666 0.630223
5.39677 2.09291
-0.114231 -0.262647
-2.11941 0.762645
-0.884931 0.638135
-5.43495 1.25846
-2.173 19.1702
-4.26668 8.56694
1.31927 -3.2366
-4.41896 0.873622
3.76525 1.27354
-3.51244 2.05514
3.66572 -3.48181
2.05608 1.9052
-0.663996 1.78101
2.14713 -0.976047
-2.58734 1.71385
-3.80517 3.29078
5.49103 2.35237
-1.56154 3.11495
3.92858 3.94676
-6.18792 4.52169
9.96888 8.49981
-11.0877 14.4522
-12.2276 25.3394
9.25729 -12.1286
-4.9575 -5.96573
-18.8475 -2.14582
-0.0387807 0.0102355
-0.670606 0.623376
-0.208871 -0.71902
-0.0667271 -0.866086
-0.529439 0.0078043
0.393227 0.00118602
-0.302193 -0.0169029
0.0621025 -3.76351e-06
0.240679 0.00180949
-0.572758 0.0156496
-0.560017 0.0120405
-0.0240348 0.000601622
-0.441287 -0.0401512
-0.102023 0.0385813
2.7663 -1.82356
0.399661 0.106348
0.442524 -0.658392
0.0668483 -1.8681
-0.795338 -3.2139
0.240954 -0.99042
1.47994 -1.35494
2.65853 -0.998317
2.10826 -1.02863
0.2794 -0.667549
0.0547293 -0.235885
-0.0648323 -1.03818
0.170791 -1.11486
0.407437 0.386407
-0.493714 0.409914
0.0107761 -0.684295
0.0789392 -0.222296
0.0753393 1.00539
-0.591806 0.443623
0.830097 1.26189
0.0980492 0.969321
-0.269204 -0.0641781
-0.656938 -0.940926
0.190341 1.05049
-0.608248 1.50411
-0.604801 1.0658
-0.415095 0.488092
-0.246422 0.206704
0.521506 0.550454
-0.811894 1.1638
-1.61931 -1.04641
0.977344 -0.599752
-0.681843 0.68109
-0.119673 0.719374
0.715364 -0.641132
-0.700999 -0.426562
0.433638 -0.541729
-0.85152 -0.710442
0.356507 -0.464205
-0.229472 -0.0208392
0.596948 0.136322
-0.788794 -1.1999
-0.205206 -0.0875791
-0.467247 -0.102983
-1.43745 -0.141348
0.590362 0.285967
0.376723 -0.33098
0.138601 0.183332
0.573724 0.273661
0.820903 0.193779
-0.282468 -0.250472
-0.178581 -0.087605
-0.913553 1.13364
0.393965 -0.349131
0.664101 -0.883353
-0.161461 -0.620292
0.345552 -0.755375
-0.560766 -1.25418
0.749522 0.0732704
0.172136 -0.017091
0.0583231 -0.644245
0.134257 0.653649
-0.604614 0.521845
-2.04103 1.13309
-0.300214 0.0430106
0.510967 -0.824321
-0.0562656 -0.387368
0.0595259 -0.0557289
-0.196848 -0.0176886
-2.62171e-08 -0.00337193
-0.0429278 0.0397258
0.424047 -0.0555811
0.459566 -0.00350737
-2.47108e-05 -4.81294e-05
4.23231e-07 -4.53092e-06
-0.0010655 -7.45502e-05
-0.00536233 1.52838e-09
0.0623407 0.0212258
-0.0359412 0.236645
-0.0876366 -0.104837
35.1049 8.26579
-0.0922738 2.81784
-3.92017 1.70575
-0.116715 -0.29721
93.2504 44.5158
-1.58817 49.0418
0.851142 3.83488
0.452536 3.08556
7.9442 -0.998672
-41.6811 -3.96739
-14.3091 0.299419
-14.0832 19.1439
-2.07774 4.80082
-1.80031 1.19002
-0.249178 -1.99301
-2.15395 -8.92903
0.687576 6.38217
0.481553 -2.86036
-1.85575 3.30116
-0.291452 0.43709
-0.360854 -0.507752
-3.2831 -4.42903
-2.96806 -7.76476
-0.982457 -0.234554
-1.30792 -4.31497
2.78426 -5.2002
-1.953 -18.5909
10.1902 6.40525
-42.1433 -59.6019
2.05014 -1.50028
5.69941 -103.763
-0.31911 1.62404
0.314782 -2.09088
12.2666 -70.2666
-0.152551 0.703965
13.1454 -36.5975
-1.04967 1.88607
23.7258 -43.2317
-0.0022672 -0.00301785
22.1813 -13.1319
0.842946 1.41159
0.291879 0.462796
36.7612 -36.4912
0.57317 -4.25931
7.30584 8.74173
28.1364 -4.67642
0.438597 -0.278781
0.329219 -0.60832
0.604257 0.00840022
-0.277377 0.778871
0.00141113 0.11352
0.748577 0.649618
-0.458239 -0.198668
-51.574 -49.9552
31.5847 1.51473
14.9321 -70.8937
1.40275 0.0753764
0.706755 0.919269
1.03666 0.0888496
-6.12368 31.1524
1.26998 -0.665819
-0.864612 -1.47116
12.3077 14.7852
-66.6518 -0.710369
5.62064 6.12858
0.258361 -0.278394
0.0174155 0.677298
-0.976266 0.574884
-0.213609 0.839958
0.0112515 -0.0797091
-0.000132955 -6.75357e-06
0.000395692 -1.94974e-05
0.000501063 0.000142783
0.000157558 0.000414867
-5.74611e-05 1.23231e-05
-6.2034e-06 -1.33713e-06
-0.020436 0.0014964
0.347085 -4.7667
-0.88004 -1.04177
-4.25253 -1.93488
-0.172997 1.01386
-107.618 49.3916
-71.8959 92.4924
-0.850188 0.894601
-7.58598 -2.28036
1.49497 8.39766
8.34718 10.1033
0.891489 -1.44001
21.2665 126.076
-41.5972 67.2745
2.72823 -1.98833
3.04433 0.988431
-9.9988 10.2915
-0.867196 4.32242
-0.983034 -13.9692
0.0703752 19.846
4.05331 3.30116
-2.34388 -0.0976531
-1.381 9.9223
-0.0406432 -0.349346
-0.0436876 -0.887317
90.7205 -11.6757
-9.85954 6.0421
-3.1108 7.03069
-1.74762 -7.23655
-4.06203 -1.4172
0.910358 4.24525
-4.19882 24.9618
-1.38221 3.32455
-1.30484 -1.72664
-5.00912 2.22529
2.16731 16.3299
5.4269 -22.8136
-6.55385 6.01162
-1.32354 0.732953
-57.3607 -4.74006
-4.04961 -0.978775
9.88646 -0.0973649
-0.3626 1.6222
1.50218 -1.15196
-11.5103 16.5393
-0.163361 -0.17541
-19.2133 -99.8632
-3.41871 1.7987
-2.18495 -1.03409
2.02655 -0.0411146
0.282473 -0.0549915
0.286135 0.0878907
-0.358001 0.0994205
0.00150563 0.0440514
0.240659 -0.177316
1.04839 -0.319529
0.733707 -2.23693
-3.12637 1.9263
2.53958 -2.37924
-5.31134 -16.13
-1.55062 -19.7788
-0.619127 0.260295
4.51735 0.340575
0.947938 -7.62792
-0.0473114 -4.50916
-1.7075 -4.93365
1.66755 23.9304
6.27247 13.3514
-3.44861 -3.85286
5.00956 0.153703
-0.0182631 0.0937123
-0.749028 0.737694
-0.301436 0.646412
4.52611e-05 -0.00404015
-1.01739e-07 5.60206e-08
1.32768e-08 1.05491e-11
1.65749e-09 -3.04882e-10
-2.55899e-08 -2.84196e-08
-4.56921e-09 1.05684e-10
-3.1055e-09 4.39582e-08
-9.39092e-05 0.000818266
-0.000345292 -0.00162267
-0.0865284 -0.0180029
-0.210276 -0.0131138
-0.258901 -0.291626
-85.6713 -27.7618
15.196 85.26
84.2149 -4.36719
-5.32452 1.26824
36.3876 54.3712
-152.978 96.6364
1.02389 -4.17138
94.9852 67.7437
-78.8857 22.9823
-2.89827 1.13293
-5.18537 -0.146457
66.8415 11.2516
14.2389 27.3644
-1.21424 -1.46812
1.78775 -27.3292
9.73834 -1.10385
-86.3696 -91.1091
-6.68892 1.66853
-0.24349 -0.982668
-1.09075 -3.0722
2.32227 -0.242961
37.4532 18.1554
-11.8859 32.0617
-4.5079 -36.1988
-6.06015 -5.61673
-1.2461 -18.4769
-2.29596 -3.18068
5.32842 -3.93855
-28.8122 11.6293
0.0276786 3.18222
7.84388 13.3741
-40.7173 40.0527
-5.0588 0.307932
-0.873033 2.22029
-23.1557 -25.4531
9.12389 -23.837
-3.32509 -5.52577
-2.31309 13.9481
-2.64234 1.84587
2.98956 -1.15772
-18.4341 -42.8656
-5.31026 -1.74515
-7.16113 -16.3777
-3.01282 5.78248
5.64248 -52.5273
0.104549 -0.694404
0.0149619 -0.842732
0.243682 -0.89292
0.332712 -0.268203
0.587583 0.011442
1.14232 -0.300832
-20.1353 -1.13383
-2.90192 -1.53463
-0.0326628 -2.05254
0.47003 -3.48643
0.533424 -5.42369
0.411719 -0.165239
2.11316 4.6868
13.4263 -1.65959
5.27406 -11.2789
0.949725 0.24607
1.96694 0.100922
10.8167 5.09754
-0.16076 0.0625716
0.0702827 3.57288
-0.00189324 0.194751
-0.30925 0.429848
0.0169664 -0.0437207
6.19425e-05 0.00278679
1.81823e-07 8.9165e-07
-2.84556e-08 -2.92428e-08
9.17543e-09 -1.61006e-08
4.6354e-09 -6.098e-10
-1.08775e-08 -1.55974e-08
-1.96142e-06 -6.04028e-07
-0.00962648 8.6347e-05
-1.05499 0.177338
-5.27954 4.90499
-2.52032 0.785633
1.69695 -2.10236
37.5935 -30.9273
77.5541 61.0158
0.266666 1.79557
-87.9238 -98.718
1.56921 9.45465
-28.3137 29.8264
-1.48231 0.603911
47.1719 -17.8224
-52.2393 126.427
73.2864 -33.1278
-82.01 25.7083
6.1687 -0.171089
-1.48146 2.18868
0.690709 -2.0614
1.76873 -30.6807
1.05485 6.35208
4.55409 13.0815
-4.80234 2.46517
-0.748549 0.0947237
41.0139 71.8253
-20.933 -76.8648
52.8434 -16.1597
-1.9019 16.541
-4.7501 -7.05388
-8.68614 2.75768
-0.0880906 -7.35709
-12.1486 -0.234072
-1.57736 -8.76369
-1.35149 1.3495
1.77415 0.100864
-10.016 0.709701
-31.4221 -4.81693
-0.238955 -0.180389
-3.77855 3.69269
-4.33439 6.9713
8.43554 -19.9585
67.8768 75.5462
2.52062 -2.07281
0.270754 2.40712
0.181878 0.186489
-2.54201 0.357773
-1.80277 -0.377664
0.699667 -1.18821
-0.0021526 -2.77256
-9.76846 5.61346
-0.94871 0.421023
-0.0455459 -0.208739
0.38464 -0.581492
-0.246534 0.243276
-0.252374 0.0604371
1.22479 -1.72269
4.40261 -9.88684
0.338597 -2.03777
-0.068717 0.503084
2.85243 1.99919
-0.0347517 -7.75041
0.416261 0.786402
-4.37037 9.45687
-2.03601 47.9065
-2.89206 3.8347
-1.49861 -2.21918
2.19155 5.07228
16.1777 -3.4604
1.82118 2.68481
8.43921 -4.47897
0.00552213 0.375765
-0.0955112 -0.25119
-0.10299 -0.381922
0.0021479 0.0945354
-4.12389e-06 -0.000226104
0.000175503 -2.9189e-05
9.4667e-05 -7.99104e-05
7.84828e-08 -8.86582e-06
-1.13257e-06 9.95925e-07
-3.2514e-05 -0.000107943
-5.12247e-06 -5.9492e-05
-0.00402102 0.00127775
-0.0177083 0.050839
0.134121 -0.376407
0.0410068 -0.0314887
-31.8988 50.5556
1.4212 -2.49682
-1.54794 2.96644
-0.996711 -4.14633
-0.502194 0.806633
-0.513908 -6.59667
-57.7328 12.0102
-0.879171 0.797319
-82.3916 95.1137
1.96098 2.54887
-0.417368 -1.70023
0.243481 0.0478446
-4.03562 -2.67355
30.8222 66.2307
1.40517 -13.0399
-2.48145 13.5468
-4.80585 -5.7852
-2.35734 12.8745
-0.605466 0.583472
10.1221 -0.268934
-1.30648 -3.99346
-0.534187 -0.0508245
-2.25935 -2.6249
-2.29502 0.723155
-8.73239 13.3655
-0.954978 1.44335
-24.5574 11.9022
-0.244523 -0.537093
-23.5299 -2.72222
-2.72506 3.22736
-2.51196 5.85777
7.9763 -26.6306
0.137115 1.27602
-0.244661 -2.17862
-1.09138 -0.399613
-71.7479 -53.763
-1.35615 -0.295725
0.109612 -0.634615
-32.9529 -7.27617
-0.0868156 0.173031
-3.56764 0.536632
-0.384518 0.112594
10.0257 7.1173
24.5061 27.6906
7.58392 19.0329
-1.77507 0.41029
0.117622 -0.661042
0.396496 -0.451302
0.440958 -0.447016
-0.352443 0.33157
1.71969 0.469629
-2.00024 -6.29808
-7.85321 1.81118
-28.4507 -57.9313
-11.8589 -4.29993
-4.67905 -0.18324
1.72078 -0.770643
-1.06065 -1.16055
0.345431 -1.37442
37.7433 29.1039
15.5323 3.47539
2.56524 -18.5123
9.94181 0.783011
0.96052 3.75262
-1.42823 1.45205
0.840303 -2.54048
4.76366 0.744541
-0.645717 -0.152653
-0.0112565 -1.44132
-0.755393 -0.821105
-0.186202 -1.4815
0.00111573 -1.18052
-0.154496 -0.454939
-0.176195 -0.763109
0.437638 -1.15158
0.439723 -0.720135
0.00892405 -0.618437
-0.293592 -0.675342
0.0964284 -0.567993
-1.11969 0.885055
0.397598 -1.37168
-2.17605 -1.07125
0.0704535 0.585254
0.205307 -0.254692
-0.0838201 -0.592373
-0.0395582 -0.799907
1.00176 -0.611118
-1.27717 -0.719222
-0.601363 -0.204142
0.564042 -0.485912
-0.787362 0.165897
0.387901 -0.331375
0.349397 0.19994
-0.122058 -0.504775
0.218089 0.554947
-0.262999 -0.0624299
0.48087 -0.0448138
-0.00200038 -0.340957
-0.552438 0.788032
-0.745524 0.432957
0.0103449 -0.135595
0.0942397 0.660273
0.121669 -0.251765
-1.19806 0.340474
-2.96128 -0.184164
0.160885 0.707643
-1.60899 -0.129237
-0.434811 0.850428
-2.28064 -0.390333
-1.33775 1.00439
0.263468 -0.0866682
0.268087 -1.02942
0.394061 0.505877
-0.632774 0.0960404
-1.88298 0.424548
-1.23261 -0.453634
-0.390987 0.326367
0.568103 0.0505653
0.0497157 -1.13385
-1.08847 1.20141
-1.04155 -1.06634
-0.83 0.972627
-0.378096 -0.076321
-2.47277 -1.81397
-1.76521 -0.0357582
-0.214377 -0.45518
0.250119 -0.79704
0.574655 -0.439023
0.850633 -0.203446
0.498237 -0.9721
0.106527 -0.518829
0.351277 -0.283471
1.84287 -0.94919
2.50597 -2.46349
-47.715 -0.930801
-0.290938 1.24759
-0.00259754 -0.474173
-0.982995 0.458602
0.340249 0.0678335
-1.04483 -0.562426
-0.349076 -0.50473
-0.892777 -1.77923
-1.67128 -0.839102
-0.242238 -0.178428
0.338036 -0.175047
0.0513788 3.27552
2.85345 9.0131
-8.87191 2.03661
0.00316575 -0.78213
0.0529834 0.34947
-0.252254 -0.41123
1.99595 0.574727
-0.00381025 -0.0754108
-0.00187965 -0.077045
5.73083 -6.64884
-0.103582 0.234447
0.00827066 -0.144257
-0.0230508 0.0178371
0.0643883 -0.0138744
-87.9093 -2.14069
18.8884 -31.9095
42.1824 -62.7968
-12.3841 -16.6317
-39.024 -22.2921
9.46896 -17.4802
-11.6822 -6.41154
-17.4805 -11.694
21.712 -8.46803
6.4662 -9.52997
-1.90272 -13.6731
7.71672 -21.0642
-16.1282 11.9376
19.3357 -2.79738
-23.5324 0.630501
24.8448 8.08765
7.56134 2.08196
4.80949 -0.871818
-13.8708 8.17351
-13.1053 1.72687
-15.3037 2.4002
6.02035 5.74226
19.3834 4.8334
4.69371 7.40966
4.01195 7.17087
20.482 7.86035
9.05504 9.66362
10.7464 17.017
-2.46686 26.7003
-18.5992 -2.38006
19.6108 -8.2837
-0.815584 -18.5113
16.3845 20.3897
10.8554 31.1536
-32.4566 -20.4261
8.89704 -21.0625
24.3382 30.641
5.20153 25.4535
-7.39602 21.5438
-17.9621 16.3905
12.1284 -9.97096
21.7453 -10.3685
43.2578 -5.87616
-0.730186 -29.2433
-2.03694 -29.8504
34.3783 -15.4053
18.625 -31.5232
-2.48248 -4.37332
22.5087 -9.08264
-18.4152 -1.49508
27.4138 15.3632
18.9424 -19.5705
28.2298 -23.8003
23.5923 -6.26117
-18.0149 -32.0515
11.2326 -43.8793
27.0972 15.2275
8.5011 -23.8032
-18.7914 -14.3285
28.265 13.9016
-34.8257 -1.2259
-1.23864 9.05418
19.0535 -9.56629
-0.870148 8.32574
8.14327 5.4501
23.9664 2.24584
-4.2519 12.0852
0.549941 -6.85592
-0.452441 -0.589992
0.0358709 -5.44739
-0.0626813 -0.571882
2.64403 -3.63455
0.744439 -4.42208
0.893014 0.116695
-0.0919543 -2.21367
-0.512203 -0.343408
-5.34255 -2.92787
-6.58402 0.611315
-2.23962 -0.938029
-0.203043 -0.168382
-1.04349 0.817021
-2.04128 -0.80026
0.863784 0.965217
-16.1751 3.96133
-0.180961 -3.58444
-0.982534 -8.94535
-4.74316 0.38072
-1.43974 -5.59519
2.89068 2.65376
-3.47935 -7.89316
0.1147 -2.46379
8.68018 -4.40871
3.23353 -4.11099
-13.4978 0.536908
-0.741034 -4.82856
0.184798 -5.9162
-4.00465 -4.98388
1.68339 -6.26441
-7.24443 -7.60364
-0.347966 -8.4662
0.673733 -5.17538
3.47937 -3.02262
-1.99216 0.827343
-1.27327 -2.2931
4.0222 1.03275
-1.33058 -0.55614
-1.34214 -0.309144
-0.425363 -0.418226
0.658726 -0.182873
-1.76959 -0.022817
0.127534 -1.88605
-0.468182 1.49427
-3.68078 -1.75551
-1.3929 -1.59981
1.04097 -6.83112
-1.76533 0.315183
0.225375 -8.17863
0.0262947 -1.60476
-14.117 -3.87133
0.838459 -6.14451
-0.465359 -7.99862
-2.64504 -1.61253
-3.79944 -3.87372
0.611619 -2.73868
1.46847 -1.98881
0.360567 -2.33944
-0.0882198 -0.683628
-0.627868 -5.53739
4.84288 -8.18225
-0.162939 -5.39934
-3.29807 -7.26877
-5.42153 -7.53299
4.3381 6.50883
0.0729576 -3.37917
-1.3313 -4.63749
-2.72492 -6.64769
-9.92112 4.42321
2.66529 -1.57984
4.07373 -7.36209
1.41956 -12.1255
1.86896 -6.65546
1.19839 1.05178
1.116 -6.75881
2.52711 -4.90763
-1.17263 -5.51276
10.4354 -4.99406
-38.6009 -80.2859
29.0294 -15.7668
0.305089 48.8423
-0.0402919 3.4834
0.127469 0.849512
-3.6921 -3.75884
-1.38426 3.59104
1.02456 -1.41627
-0.00674767 -0.255429
-1.35011 -0.0122657
0.544139 0.357029
-0.58287 -2.59177
0.223505 -0.138632
1.60341 -1.09829
4.61328 12.5975
-0.696853 19.8157
-1.57765 -2.80394
2.70319 4.11891
-10.2599 -1.4632
-2.33331 -0.337465
9.94113 -4.14262
0.32749 -1.45344
-1.34027 -0.455811
-0.812414 0.937497
-4.82996 2.95811
3.62195 0.790858
-2.9526 4.46558
-1.84323 -2.18331
4.56779 1.52054
3.26906 -10.2636
-0.63115 0.341459
-1.305 0.886936
1.17699 1.66864
-6.15951 -0.980482
-0.715892 4.45794
-5.43569 -0.592946
0.849427 -2.04322
-0.448934 -2.69782
-3.09468 0.21692
-2.66335 -2.07088
-2.27612 -0.231694
13.9633 -13.3395
-0.694186 -2.49265
-6.73536 7.80262
-0.841556 1.03786
-0.563374 -2.11724
0.555836 -0.471189
-2.61722 0.453341
-0.0174935 7.69303
0.425268 -4.16887
0.780725 0.0938207
-3.26356 -4.75977
-5.78467 -1.60891
-2.35277 -4.02279
-0.307441 0.161326
-1.02203 -0.19232
-0.3204 -0.467916
2.56577 1.05038
1.49028 -2.67462
-1.59974 -1.94616
2.36787 3.7444
1.03967 -2.05169
0.173848 -1.89721
0.0352471 -0.257459
0.31845 -0.448445
0.439006 -0.437834
-0.0623517 -0.723339
0.177035 -0.2523
0.826234 -0.0361645
2.19968 0.381526
0.597559 0.304469
3.56183 -0.558393
1.29721 -0.593391
0.199994 0.0729865
-0.155559 -0.9062
-0.153105 0.189477
-0.144796 -0.857872
2.1475 -0.0583234
0.786865 0.953465
0.558604 -0.826939
-0.951632 -3.19209
36.9938 -13.7187
11.1715 16.1657
0.0471706 -2.8429
-0.0316763 -0.218846
-1.72453 -1.24633
-0.684007 1.84151
2.79224 -1.13151
-0.898495 -0.028051
-0.411058 5.97119
-0.472301 0.141505
0.185947 0.576717
0.0869193 -0.177261
-1.48117 1.27942
1.02704 -0.512894
2.19428 0.356659
1.7093 -0.501959
0.478864 -0.764674
12.1246 4.65314
-2.17569 -2.60567
-2.03094 -4.51638
1.89086 -2.56662
1.86161 2.04878
-1.30388 -2.10583
-0.158368 2.25184
2.29639 4.22988
-0.649125 3.37826
-4.48468 8.78547
-9.08137 8.79102
-0.489273 2.66176
3.32555 -13.264
2.19225 1.70608
-9.26613 11.6849
4.0962 1.61772
4.06367 -4.92944
-1.60317 -2.47315
-2.155 -2.81159
-0.0436307 -1.3048
-3.08718 -3.25728
2.19207 -0.668266
-0.832774 2.93861
1.31672 -0.64295
-0.826631 1.85953
0.248247 0.129578
-0.10772 -0.752651
-2.66089 2.69972
-0.226281 -5.50131
-2.4799 -5.91969
-0.000907306 1.46683
-0.00772621 3.99121
2.22489 -9.87551
10.1165 2.50471
-3.61474 -0.326172
1.3677 -1.84509
2.12795 -4.50895
-3.99834 0.0397128
-2.59942 -9.65012
0.774009 -0.945126
-4.96512 -1.09071
-3.6861 -3.31215
-0.306637 -2.36713
-0.203497 -0.101055
-0.660053 -1.90397
0.0284364 0.0652798
0.576235 -0.784665
0.000904992 -0.0223856
0.0201254 -0.0445205
0.445922 -0.341693
1.07386 -0.980005
3.37139 -2.03664
-1.97009 -2.47914
0.176791 0.2762
-2.90225 -2.23846
-0.775919 -3.26798
0.539456 -3.09185
-0.462132 -1.17137
-1.31707 -5.9428
0.331987 -5.32411
0.30543 -5.86628
1.19119 -1.37785
0.581937 -0.708555
13.9113 99.9347
3.04183 -32.7666
0.00490765 2.0198
3.16838 -5.89614
-0.305584 1.31522
0.222761 -1.56026
0.273395 0.0894794
-0.50329 0.643229
-0.761554 1.03892
-0.993573 -2.46428
-1.84877 3.61914
-1.82615 2.48653
0.208774 0.748888
-0.0760073 2.25143
-2.22229 3.35034
-0.268381 -2.70274
0.0113786 5.15739
-0.663388 -1.3363
2.49673 -5.10274
-1.51842 -0.415524
1.27069 -1.44987
-0.437024 2.58766
-1.62182 2.37549
0.380327 -0.475742
-2.12645 0.913976
7.43194 1.62247
-5.77266 -2.13734
4.00235 -1.14986
1.81874 -1.61233
0.682953 0.909326
2.93199 2.64693
-4.43763 -0.980984
0.588891 -0.834093
-1.11448 0.53334
0.167204 -3.33163
-4.78881 1.06948
-0.655119 -1.16004
-4.13442 12.4979
2.40326 -0.736984
-2.46114 3.0021
1.27831 2.0212
-3.21186 0.764775
-0.428934 -0.682935
-0.307701 2.78844
4.64625 -1.90607
0.11853 -2.1985
2.13295 2.09286
-1.75421 4.81585
-2.86147 -2.4018
-0.00343752 -0.861947
7.31851 -0.426403
-0.207921 -1.23554
1.07453 1.0368
-0.632087 -2.98371
-1.72859 0.25451
0.231725 0.00157907
-6.48528 -0.829963
4.76661 -1.92878
-1.7221 -1.05356
-5.91273 -1.77374
-0.301587 -0.131189
0.444861 -0.22981
1.28618 -0.813433
0.5497 -0.0365196
-0.00409601 -0.248354
0.0430245 -1.11874
0.242403 -0.833579
0.774855 -0.344045
0.118369 -1.59772
0.947091 -0.435611
2.13958 -0.334366
2.37759 -0.296836
0.903091 -0.866289
0.101425 -0.650412
0.90779 -1.04326
-0.104408 -1.09031
0.632429 -1.98352
2.98782 0.26437
3.11249 -0.602022
-0.52461 1.24542
37.922 12.764
-0.88797 5.86711
-0.0644606 -1.44746
-0.001229 -0.00823641
0.501008 -0.0136674
0.52426 -2.09476
-0.0285501 0.0254869
-1.20127 -4.45588
0.604817 -3.07205
-0.286409 0.453373
-2.06883e-05 0.0259849
-0.00792554 0.00846421
0.0275701 -0.0298674
27.5401 2.30206
8.06295 -4.10207
-3.39293 3.11872
-3.11431 3.46809
4.2437 -2.73028
-0.583613 0.377509
-4.02131 -1.15497
-2.8079 -0.561841
4.78921 -15.6133
-4.24818 1.36236
-2.62396 1.93168
-0.662173 -1.92287
3.63845 -2.83267
-2.73027 0.63342
6.20854 -10.8861
-1.9437 -0.043649
-5.83149 -0.195399
3.10101 2.78044
-4.13539 -0.668515
1.35485 -0.0780204
0.111796 -6.24879
-7.85956 2.77214
-2.06959 -8.24581
2.40321 -9.66761
7.04265 1.66911
-0.678198 -4.25495
-8.45836 0.211542
3.16399 -5.41279
-3.60993 -10.6676
1.5436 -3.22998
-2.53555 2.15692
-0.27232 0.155838
-2.07562 0.382281
6.43914 9.48885
-0.264764 -2.57093
-2.44941 -6.04876
-1.46385 -1.95225
-1.44284 -0.0999386
-1.0714 -0.346096
-0.747434 -0.483771
-1.14474 -1.13708
-0.421775 -0.289285
-0.937037 -0.0564389
4.07262 -0.718759
-1.57216 -0.472629
-0.0927669 -0.0334592
3.72772 -1.09031
0.07562 -0.647906
0.50573 -0.697312
-0.444987 -0.797453
0.399851 -1.22983
-0.301368 -1.2033
0.45461 -1.34008
0.147137 -1.44657
-2.99691 -3.31625
0.413034 -6.5844
-3.32769 -6.36155
-1.84469 -8.26101
2.30556 1.56805
0.224441 -5.52341
-6.16207 -6.60794
-7.31287 -6.44822
3.42713 -9.1985
3.60946 -12.4891
1.78557 -0.561496
-1.88359 1.61113
0.000198173 -2.83654
0.203527 -1.70002
-0.983344 0.360376
9.16321e-06 -1.10443
0.024444 0.00230833
0.239118 -0.40133
0.0138273 -0.0149134
0.00423978 -0.0180466
-0.219991 0.0518332
-0.00268742 -0.203826
-0.171456 -0.162006
-0.112437 -0.175247
-0.10231 -0.490792
0.0214268 1.47997
6.70076 14.8188
-3.94301 -1.51112
4.54156 -12.0836
7.08575 -1.58703
9.41992 0.679664
-5.01371 -0.431457
2.40163 0.430606
4.0462 -26.295
7.63395 22.1153
-2.05639 6.52225
-2.61986 7.05674
2.91889 -4.69086
-0.495361 -3.42439
-6.83773 -6.8831
-2.11436 0.00168684
9.8565 6.6397
1.85279 2.91535
-6.80771 0.604414
2.97137 -5.22396
-4.2426 2.66435
-3.49339 2.12565
-9.18157 -3.37129
-0.661806 -1.0193
-6.98156 -8.46671
-4.06143 2.29527
0.914711 -7.15637
-1.32035 -1.07373
0.195 0.891656
3.5298 -5.121
-0.283287 -0.67829
-1.0007 -1.81517
-3.2968 -0.140324
-23.7224 3.68081
0.0185937 1.79338
-1.57236 -2.12781
-0.686889 -1.86071
-13.6684 -3.15553
-3.83889 -6.82477
0.245513 -0.424798
-2.26135 -1.03496
-1.18118 -0.451184
0.671294 -0.971385
-0.870663 -1.36168
-0.440507 -0.195057
-0.578347 -1.75431
-0.0777312 -0.359025
0.0574576 -1.3412
-0.583934 -2.24444
-0.949299 1.55403
-0.314958 -1.29597
-0.402819 -1.1929
-0.90141 -1.15523
1.15248 -1.06251
-2.59236 -1.99774
0.32694 -1.4155
1.95992 -2.79888
1.95051 -1.65158
4.80627 -2.40393
-0.628222 -1.17703
-0.938513 -3.71565
2.41417 -3.49899
0.429372 -3.24
0.709259 -2.52292
-2.86423 -1.52004
-0.558455 -3.589
38.5563 -15.9554
0.197917 2.78839
15.767 25.1755
-1.42379 2.42348
-0.120609 0.531409
0.0304462 0.120254
0.76807 0.676297
-0.133009 0.171467
-0.0192208 0.00471391
-0.0110729 0.00390553
0.117466 -0.742511
-0.00337019 0.0262573
0.157632 0.0611728
-0.000388067 -0.0410783
-0.0353536 -0.069052
-2.47618 -1.14104
-3.09395 -10.8669
-7.27217 2.12107
-0.851503 -1.16142
-0.447476 -1.0595
0.840684 -1.88165
-2.32034 -4.70199
1.17478 -2.22278
-0.266614 -1.68644
0.820056 2.83244
3.18427 -2.77242
0.942794 -0.190032
-2.82103 -0.664767
0.0451766 1.23086
2.66909 -1.23161
-0.574764 0.176947
3.07499 11.6058
-4.54541 2.6982
2.24496 0.785998
2.35102 2.46726
-7.72842 1.92951
-3.97809 -1.38682
-2.26465 -2.02893
-1.49597 -1.64078
-2.6645 -0.453161
0.138019 4.72857
-7.01909 -3.72331
1.68326 1.0159
-3.86303 1.91464
-0.953619 -3.15866
-1.45676 -3.13636
-1.03463 1.26853
-17.4622 -18.0539
8.80158 -1.26319
-1.96012 -1.08321
-2.06185 -0.323093
-1.71315 0.543157
-4.4203 -8.31984
-0.696204 -0.16939
-0.393701 -0.326359
-2.76612 -0.0176858
-0.761954 -9.10677
-0.323762 -3.50805
-0.720397 -0.784192
-0.0962128 -2.51595
-0.850328 -3.12704
0.606497 -0.691339
8.33265 -24.0172
-3.36171 -0.350504
-0.976191 -0.933426
0.569265 -0.42756
0.409448 -0.198736
-0.573032 -1.16585
2.06165 0.507501
0.293264 -1.96924
0.0904115 -1.50411
1.57269 -0.401724
-3.86285 -2.20067
-0.920501 -0.0991426
0.781525 -0.718909
5.56212 0.146347
1.16995 -2.32675
-0.252932 1.98041
6.74275 -4.89203
-1.75856 0.714858
2.31851 -0.479402
-0.454205 -2.34119
0.104385 7.69459
-3.3458 -9.83045
0.0816634 4.09001
0.997847 -2.12399
2.69316 -0.884369
-2.31095 -1.56491
-0.906712 2.50224
0.0738256 -0.490723
-0.649338 -1.65362
1.68465 -4.56953
2.2399 1.86104
0.362391 0.154451
0.271191 0.0888295
0.285119 0.334671
-1.57713 -2.55742
1.10529 0.828515
0.611398 -0.176473
-1.35534 -0.89957
-1.87976 0.00536057
-2.6762 0.531249
-1.47987 1.21752
-1.26516 -0.0366738
-0.946613 2.8
-0.34947 -0.228136
-1.24809 -12.0719
1.40626 1.25389
0.0285271 -2.37237
-0.623278 -0.352924
-1.84862 -0.0868076
-1.45269 0.367133
1.35421 5.44437
0.394236 4.05123
0.807861 -2.40723
-0.903597 -4.61065
-1.58422 1.07379
1.44961 2.19775
-0.770301 2.36954
-2.32888 0.0922107
-1.6399 2.61092
-2.72399 0.702655
2.70569 1.39374
-1.07199 0.0748282
0.373161 -0.138177
1.48114 -2.26109
-2.74009 -4.44176
-6.61391 11.4408
6.4894 0.193385
-6.81805 -0.866511
-0.307003 -0.0479916
3.58947 2.8293
-3.25607 -0.972164
-3.46277 -3.10427
-2.84223 -2.16071
-0.340726 -2.32031
-0.721711 -1.82731
0.0783254 -1.60416
-1.76566 -0.384724
-2.43117 -1.93544
-0.390278 -1.26205
-0.392552 -0.496826
-4.49639 -1.76038
-0.401201 1.39112
0.213495 -0.273398
-0.336063 -0.971871
0.0485955 -0.963035
0.00378002 -0.407583
0.244453 -0.849478
-0.0581397 -0.430239
0.220963 -0.05134
3.04176 0.106233
-0.463487 -0.444791
0.625253 -1.16574
0.392245 -0.443161
3.06385 -0.81221
1.98073 -4.14418
1.56061 -1.29481
5.08066 -3.78321
1.22648 -0.317566
3.30664 -6.2683
0.165512 0.82703
17.6968 7.92256
15.3156 -14.5463
-0.0275824 12.3361
-1.67179 3.13516
0.215473 0.0525844
6.72237 3.71829
0.322493 -0.0593841
0.0806189 -1.55765
-2.41677 3.5691
0.258947 0.152417
1.55854 -1.63555
1.52585 0.8599
0.688923 0.031273
0.988337 0.28659
-2.07719 2.01656
16.3765 -17.8613
-0.838462 -2.49168
0.0770296 -0.232376
-0.41329 -0.446159
0.434266 -0.98914
-0.688054 -1.30921
-0.855318 0.0548564
-0.478023 -4.67792
1.50274 0.174572
0.00744583 0.557281
-5.11149 -0.569107
-0.998992 0.293476
-1.53744 4.31377
-3.45338 -0.237601
-1.73358 3.75228
3.40576 -5.29568
-1.50255 -0.715247
1.0514 -0.190621
2.07209 -17.4227
1.12927 -0.487677
5.35104 -7.12095
1.42495 -2.32542
-0.879703 6.6788
-2.77028 -4.20764
-1.59975 -3.48636
-0.9687 -3.64902
-0.535087 -1.00588
1.26586 -8.59193
0.49804 -0.0898515
-0.62784 1.26145
-1.61708 0.736991
-4.12146 -2.04829
-1.08799 3.37753
1.19451 0.613055
-0.503937 -2.14317
-0.571278 1.34992
-2.47893 2.41236
-1.16795 -2.27464
-1.23292 -0.147675
-2.05041 1.89985
-1.53108 -0.860705
-0.366308 -0.632898
-2.64409 2.00911
-1.07125 -1.34966
0.562203 -0.755871
-6.60371 5.74683
-0.262918 -9.50643
-8.74827 0.198057
-0.27885 -0.500969
0.811803 -0.0452611
0.129101 -0.149886
-0.107458 -0.879087
-0.0520919 -0.840374
0.608303 0.309401
3.96693 2.0231
0.482463 -2.21187
4.39759 -2.12325
1.20677 -2.28421
-0.66751 -2.71596
-3.13358 -1.07256
3.46437 12.0506
-0.223833 -0.879595
0.926867 -0.720538
1.29209 -1.95662
0.00931349 0.727406
12.7564 -1.54291
5.04094 13.1004
-0.0171973 -1.53989
-0.931234 0.266606
1.26088 -2.94817
1.99405 -2.46954
0.0528111 -0.385107
0.124017 -1.2482
0.997062 -0.87273
-0.185064 0.0936745
0.137942 0.3089
0.274424 -0.680951
-4.09406 0.443184
0.370838 -0.568882
-1.57446 -0.503285
-25.4591 6.0036
-2.56989 16.5595
3.51862 -2.03688
-4.5819 -1.15436
-17.5467 -8.18101
6.49132 33.4565
-16.96 -44.9503
40.6075 2.65691
-12.1349 -19.1982
-6.88333 9.51155
1.96936 126.012
-1.07558 -6.99338
-2.65933 -3.60596
-3.40258 7.38999
1.31572 9.50063
0.220285 -1.70706
0.0358912 -1.24612
-3.65189 -9.37137
2.20358 -9.14116
0.827128 0.339638
3.82298 1.57977
1.85681 -18.531
12.1947 4.86406
-2.05809 -3.4329
-0.996706 -0.39002
-0.53449 -0.883413
0.508485 0.571431
-6.94993 -3.10693
-9.10744 12.4717
0.874844 -0.0782879
-9.83988 -3.91618
-2.40194 1.42008
-0.667119 2.00089
2.47969 -4.1887
1.17769 2.75007
0.624757 0.0136124
-8.6319 1.73399
-1.47522 1.07267
-0.0406146 4.95741
-1.94036 11.8299
1.01439 -1.00649
-3.18041 -0.334179
-0.45437 -0.324918
-1.05255 -0.313948
-0.445329 0.976354
-0.545961 -1.14119
-0.281044 -1.82464
0.0250067 -1.65292
0.446954 -0.148711
0.378489 -0.779362
-0.349259 -0.0724352
0.0222587 -0.273686
0.0275208 -0.230798
0.509638 -0.613508
2.71867 0.104393
2.28427 -0.534433
1.45144 -1.31535
1.38867 -0.51286
1.59431 -0.796243
2.62478 -2.07781
2.86638 -7.29518
1.34404 0.071025
5.61138 0.0829465
-1.52384 1.17909
1.82053 3.85768
1.17498 -2.91316
-0.878259 -3.33287
0.154718 -0.323653
0.214513 1.2352
-1.07945 0.611542
-0.517878 -0.479224
-3.27261 0.317507
-1.85964 -1.54584
-1.20048 -2.68532
-1.29663 -1.8584
0.319967 -0.276665
-0.524436 -0.0838126
-1.07801 0.0101695
-0.826695 -2.45457
-0.768689 10.7567
-1.94546 -6.71185
20.8275 9.75074
0.236182 -1.91735
-2.13257 -1.8502
-3.5372 -4.92827
-3.79797 -4.0603
5.88252 -3.06114
1.99977 -2.05472
-0.436521 -2.4016
1.07095 -2.09536
9.85356 -0.341201
-0.214797 -3.15628
-4.77296 3.21529
-0.906339 -3.68182
-0.945695 -2.47325
0.370254 -4.22007
-0.132607 -1.73964
-1.46584 -3.41281
-3.35317 1.43167
-1.89386 -0.140089
-1.62166 1.30665
1.65667 -0.346097
-0.792124 2.59315
-2.06999 2.17587
1.51208 -3.53273
0.0384995 -0.0645508
1.83358 -1.54041
-0.854363 1.54229
-1.20995 -2.20821
-3.04486 -8.94607
-0.281824 -2.90426
1.03369 -10.5362
-0.447374 -0.00775866
1.88941 -0.184599
-1.66936 -0.208583
-5.5421 6.45653
-0.186558 -2.06646
-1.73409 -5.98701
-1.24513 -0.988312
1.53644 -1.25527
-1.99671 -2.25095
-0.0907509 -1.16018
3.98889 1.32905
-5.19307 0.742351
1.34575 3.07807
1.16999 1.21963
1.9078 -1.09755
-0.429337 0.359227
0.34512 -0.658903
-3.29595 -1.68837
0.373613 -0.140731
0.58699 -1.25697
-0.0864139 -1.57638
0.429169 -2.41504
0.670231 -2.05257
0.150478 -1.71305
-1.31783 -3.85739
1.74472 -3.71082
-1.28661 -2.78685
-0.582264 -4.4087
-2.30214 -4.21792
1.33918 -3.4537
-3.65288 -6.59286
-1.6146 -4.88075
1.35774 -3.69963
5.29884 -8.83293
-2.10567 1.10125
-0.129355 0.993587
-0.113095 -0.0793955
0.0217651 0.0150489
-0.107488 0.185997
-0.0136604 0.0463682
0.116389 0.227241
0.112121 -1.66463
-0.00118137 0.0116359
0.000452987 -0.0178283
-0.050554 0.305771
-0.0365329 -0.0331604
0.164954 -2.62661
-1.50711 0.68484
-6.909 -10.1956
0.695933 -0.272269
-4.00559 -0.479587
3.75405 -3.85905
-10.3897 -10.9621
-3.70838 1.29201
1.06458 1.76792
1.91718 -0.521999
0.787521 -1.38445
-0.805024 -0.609395
2.66167 1.00806
3.2833 -1.80533
-3.26947 -1.38515
-2.66468 -2.69015
-0.372401 -3.16539
-1.26913 -2.75896
-5.56529 -2.66913
-1.70207 -8.71697
12.1651 -6.21419
-10.6466 -10.0403
-2.60115 -2.18526
-1.32233 -1.90447
1.02944 -1.67796
-1.93494 -3.76098
-0.105978 -1.82977
-0.632647 -3.25677
-0.58341 -4.08952
0.531062 -2.03301
-0.849315 -3.13131
-0.338479 -3.34627
-5.77907 -2.65772
-1.46333 -3.20607
-2.80197 -1.39612
1.06027 -0.116674
-0.701608 1.77793
-0.0545961 3.78994
0.420912 1.91349
0.517966 -1.7821
-0.580503 -3.00481
-0.186048 -1.46305
-0.418989 -2.10516
0.0180778 -0.404327
2.56695 0.770596
1.84266 -0.223573
6.86898 -0.641487
0.919983 -2.02441
0.934147 -2.44721
0.550935 -1.52468
0.0707803 -2.8026
0.378272 -1.52223
1.10683 -1.66915
0.57867 -0.896436
-0.600542 -2.81869
-0.0333928 -2.13037
-0.0377948 -1.14827
0.414323 -3.2491
0.0176755 -3.31816
-0.477487 -1.13592
0.273419 -0.257039
0.843284 -2.16911
0.35915 -0.566142
-0.192247 -1.21348
-0.577176 -0.583794
0.694473 0.0895934
-2.52754 -2.53599
4.11087 -2.11584
-2.27205 0.185864
-0.164334 1.22514
1.06397 0.722877
0.308122 0.344804
-0.152181 0.0303849
0.493755 0.278951
0.0832606 0.299892
0.0664709 0.30064
0.000106202 -0.00136974
-3.86158e-05 0.000278287
-0.00181837 -0.00139055
0.0872053 -0.264094
3.27889 3.48234
40.1684 9.56879
-5.7597 0.380994
-6.71314 5.96841
5.93642 0.15311
-16.1168 0.519993
19.4762 21.1674
0.290495 -0.727375
-0.574386 -1.22007
-1.70296 -0.394939
-0.00508292 -0.113542
-35.0611 45.5576
5.66982 -41.2863
-2.10652 -3.54998
-3.05085 -1.83014
-0.331886 -0.358423
-0.0250453 -0.664222
-1.28847 1.78967
-2.18315 2.26715
-0.969366 0.309361
0.475852 -0.43832
-0.292866 0.656291
-0.603972 -0.536124
-0.412037 -0.381496
0.275625 -0.667491
0.00406986 -0.625794
-1.04487 0.940463
-0.286458 0.919344
-0.380166 0.366597
-0.148387 -0.0266618
-0.585534 0.841968
-1.95805 0.295366
-0.75806 -0.811268
-0.162595 -0.242115
-0.407137 -0.181854
0.324822 0.143757
-0.191277 0.833535
-1.03442 0.4257
-0.919515 0.870339
-0.206747 0.372308
-0.984268 -0.0340336
-0.313156 0.00973311
-1.27688 -0.442119
-0.644819 -0.162486
-0.279156 -0.198079
-0.146405 -1.45408
-0.0599652 -1.0391
-0.792113 -1.66127
-0.504935 -1.60193
-0.244993 -1.26396
-0.152907 -1.02401
-0.0797226 -0.447174
0.737267 -0.182244
-1.90741 -4.16312
1.6481 -1.89633
1.15171 -1.26882
0.581362 -1.3522
0.625727 -0.974308
0.748559 -1.54155
1.67573 -2.86981
-0.125766 -0.786891
0.235374 -0.825043
-0.0874063 -2.47631
0.062676 -1.04258
0.0679074 -1.84125
0.775357 -0.611718
2.43289 -4.8969
3.74222 1.05504
0.0105507 -3.55303
-0.00327493 -0.650394
0.00625337 0.00570009
0.018161 -0.00330223
4.89971e-06 2.96507e-06
-2.46637e-06 7.8922e-06
0.0143266 0.0254611
-0.294916 -0.769609
-0.00946571 0.0215611
-0.00127198 0.00183916
0.015216 -0.06323
0.0592204 -0.193297
7.53943 -7.4579
0.454206 4.49082
-2.53989 0.436983
-7.33738 0.211295
-1.64773 7.33352
9.60578 -4.93941
-1.31489 32.2134
-0.707737 -0.579676
-0.420759 -0.0720822
-0.408539 1.27335
-3.46049 0.36903
2.1725 -3.50546
-2.62494 -1.87846
-0.572888 -1.73176
-1.11775 -0.664071
-0.575551 0.905649
-0.88351 0.848124
-0.721662 -0.796816
-0.301891 0.468458
-3.91021 -2.76935
0.225675 -0.977797
-1.99153 2.9743
-2.40658 -1.27005
-0.834975 -0.46159
-2.84199 1.28318
0.0258744 -0.170736
-1.1145 -0.842481
-1.42299 -1.02194
-1.00199 0.117091
-0.882656 0.288179
-0.859319 0.551185
-0.297153 0.817516
-2.29545 0.526424
-1.31783 0.868216
-0.669824 -0.351602
-0.571787 0.626125
-0.460145 0.0278047
-0.86583 -1.5814
-0.218624 0.31481
-0.226531 1.17043
-0.115262 -0.0247746
-1.01214 -0.269564
-0.861968 0.140765
-1.53949 -1.81613
-0.284364 -0.376946
-0.257464 0.0850836
-0.732081 0.0515461
0.0535557 -0.475444
-0.462481 -1.72522
0.45202 -2.19334
-0.107708 -1.01939
0.665962 -1.11745
0.732147 -1.20857
1.96505 -1.34179
1.44055 -1.07342
4.09934 -7.29251
2.8534 -1.90512
0.127136 -0.500762
0.925766 -0.354625
1.89869 -1.08509
1.05161 -1.4841
0.569189 -1.01737
0.187684 -0.00572159
0.0471205 0.0542657
0.704143 -0.0192107
0.691302 1.31265
2.42915 -2.31942
-1.5499 -12.7381
-3.23656 2.24351
0.110875 0.862959
0.0313947 -0.192263
0.12585 0.511273
0.0020232 0.00880973
-0.0152386 -0.00431912
-0.80833 2.08019
-0.226287 1.0037
-0.0204455 -0.0209183
0.125891 0.135976
-0.685746 0.985779
0.451558 0.319092
-0.512494 0.761511
-5.21503 9.70694
-0.0587842 -0.101506
-4.02396 4.87064
-2.00432 -0.468023
-0.976154 0.389988
-3.03222 -0.36916
-8.06577 2.38354
-2.02778 -1.1118
-0.800302 -0.705835
-50.2871 0.0446305
-59.8107 47.291
-5.9633 -3.85582
-1.30127 -1.93783
-3.62795 1.70852
-0.973868 0.563093
-0.480159 0.0465857
-1.28456 -1.15724
-0.30076 -0.397519
-1.7547 -2.4207
-0.522438 -0.391936
-0.842369 -0.216979
-0.51737 -0.853945
-0.626457 -0.29906
-3.22237 -0.936081
-0.631916 -0.63349
-4.35604 -1.26949
-2.27468 -1.93846
-2.05467 -0.450697
-1.49809 -1.17448
-0.500334 0.72146
-0.520134 -0.834921
-4.21125 -0.212218
-0.178881 0.0541407
-1.0539 -0.244301
-0.832103 -0.417843
-1.60101 -0.810063
-0.345942 -0.0900217
-0.583186 -0.679858
-0.615608 0.129172
-0.861276 1.31057
-0.820715 0.424079
-1.39537 -0.237085
-1.02956 0.349659
-0.255936 -0.356427
-0.0358703 0.49256
-0.686393 -0.0481566
-0.637811 -0.0841015
-0.0998233 -0.280752
0.290675 -0.981237
0.632578 -0.529961
0.365434 -0.606168
-0.895577 -0.487332
1.55694 -0.117801
0.940915 -0.688946
2.04989 -1.31085
3.99079 -3.06561
1.66531 -2.06164
1.95513 -2.73149
1.24271 -0.917469
0.859338 0.492148
0.488794 -1.20256
1.54579 -2.10368
-0.021051 -0.0250507
0.2356 0.236952
-0.417645 1.05443
-3.31889 6.80088
-4.39959 -10.3048
-0.352845 2.72287
0.0257285 0.441994
-0.146095 -0.0795466
-0.352064 -0.0789084
0.112154 -0.511012
-0.0156355 -0.00935154
0.0132085 -0.0607734
-0.307398 -0.244667
0.221402 0.0728805
0.0565849 0.000400805
0.0118467 0.144546
-0.0879255 -0.363445
-0.613612 -3.52176
1.63978 3.17991
4.68549 -0.284639
-3.18786 -6.35726
-11.1134 -2.96111
-4.71431 -6.31534
-0.621894 -2.56307
-4.95967 13.8948
-6.39552 -1.92562
-0.243893 -2.09943
-0.124023 3.40426
-5.30743 -7.99012
-4.05957 -2.01949
-4.4272 -1.49076
-2.68732 -1.39091
-0.990679 -2.02444
-0.895754 -1.54293
-0.766517 -1.35899
-1.14872 -1.06595
-0.72658 -0.893981
-0.471589 -0.400401
-0.828059 0.499977
-1.09025 -0.158777
-0.904753 -0.587679
-2.45172 1.02214
-0.264133 -0.841415
0.043832 -0.155389
-0.857597 -1.17419
-1.21523 0.691052
-1.5037 0.150814
-0.699708 0.381744
-0.528158 0.0298734
-3.74545 1.39073
-7.35039 -0.291699
-3.06789 -1.28201
-1.15986 0.135453
-2.65191 1.78469
-2.52617 -0.476192
-1.61509 1.11249
-1.59517 0.577893
-1.88865 0.437788
-0.854425 -0.0617454
-0.994572 0.0491177
-0.591369 0.530693
-2.13022 0.436171
-0.105338 0.0216234
-0.235637 0.311236
-0.457809 -0.497679
0.0792261 0.062782
-0.514701 -0.113897
0.475591 -0.181461
1.01968 -1.11412
0.45811 -0.32624
0.723805 -0.457505
1.84611 -0.52325
2.8455 -1.49924
2.21348 -2.99817
2.39038 -2.04291
1.23116 0.489345
1.62185 -0.454956
0.22109 -0.226959
0.261255 0.120025
0.778541 -0.45345
-0.466784 -0.886983
0.141604 -0.789847
0.844128 0.0266748
-6.36319 6.23786
4.83088 -3.98411
-6.00186 -0.313582
-0.00351329 -0.419844
0.165343 0.205742
0.451329 0.532178
0.00462772 0.00448001
0.126042 -0.195296
-0.0966806 -0.0682533
-0.529068 0.656882
-0.054744 0.0335121
-0.293169 0.00620064
-2.11919 0.765989
2.76223 -1.3465
-1.19484 -10.8807
3.05487 -3.80944
3.83764 -0.95692
-28.1433 -14.3161
-3.08102 -2.25847
0.0160998 0.240996
-12.8048 -0.438752
-4.8068 -0.362104
-1.6237 -0.166872
-32.8283 -2.08309
37.8943 -63.0398
-4.52132 -0.0167237
3.20424 -3.08923
-4.59474 2.33801
0.39613 -1.71257
-0.179504 -0.183091
-0.430067 -2.30622
-0.539748 0.749921
-1.29439 2.01611
-0.469162 -0.827753
-0.408481 -0.0650188
-2.22181 2.07863
-1.20887 -2.57394
-0.319923 0.0694213
-3.18313 2.41198
-0.655437 0.737823
-0.436679 -0.899841
0.0833415 0.375058
-2.92395 1.00214
-7.80259 5.23717
-0.575195 0.0773095
-0.0400856 -0.208375
-3.97934 1.99703
-1.41559 -1.57833
-0.346173 -0.116332
-2.20288 1.9441
-3.03546 1.35174
-1.05204 -0.117194
-1.49402 0.0608716
-3.0202 -0.337132
-0.944817 0.706082
-0.617249 0.146897
-0.227884 0.579792
-0.445451 -0.133339
-0.545098 0.128316
-0.35754 -0.290987
-0.505588 -0.0593124
-0.674791 0.253148
-0.741444 0.603348
-0.304249 -0.101012
0.128788 0.349005
0.833311 -0.723915
1.08924 -0.929841
0.827848 -0.158839
1.13505 2.29707
1.33453 -0.970875
2.01514 8.91779
3.90431 0.15564
2.08222 -1.94086
2.58832 -0.840563
1.07059 -0.41175
0.106118 -0.480113
0.477318 -0.568837
0.10557 -0.386858
0.487087 -0.822365
0.039737 -0.167732
-4.7317 -7.48754
-1.86017 -1.48498
-0.803351 -10.1742
-0.030328 -0.578984
-0.456617 -0.766749
1.13549 0.147914
-0.552856 -0.100289
0.803327 -0.788271
0.670253 0.414778
-4.79073 -1.35842
-1.84235 -4.66649
-5.27 -4.35495
-0.290986 0.618906
0.122409 0.0325053
13.3284 12.7426
-5.78243 1.14892
15.5025 2.11992
-5.55603 -4.36634
-0.276794 0.544078
-5.58952 -4.05494
-3.6485 -4.75135
-0.190964 -0.643549
-5.41892 -5.06291
-2.87672 1.80879
-2.66318 -2.02838
-5.69349 4.61491
-0.10981 -0.821553
2.34281 0.259656
2.54633 -1.00921
0.992383 -0.167859
-1.15063 -1.21547
-2.10312 0.670718
-1.94292 2.79008
-2.81359 4.4233
-1.15962 -1.3282
0.534832 0.428869
-1.4692 1.60877
-1.98236 0.8267
-4.05255 5.3206
-0.210506 1.26684
-0.24151 -2.21984
-0.159909 -3.34581
-2.02366 1.20332
-1.16665 -2.34918
-0.580907 -0.256149
-0.850992 0.712309
-1.20661 -2.79814
-5.8177 -1.42684
-5.94132 4.48659
-1.77632 -0.321569
-3.00366 -0.536138
-6.37758 2.26252
-5.56096 1.69703
-1.12007 -0.926672
-1.67015 -0.645637
-0.324559 -0.0710936
-0.684854 0.000522797
-0.108733 0.0755504
-0.52308 -0.0253203
-1.24247 -0.969619
-0.289874 -0.00880989
-0.0330974 -0.116361
-0.00261033 0.0031479
-0.364443 0.148393
-0.182535 0.268044
0.501311 0.240826
-0.0407554 0.472419
0.619678 -0.718086
0.208098 -0.528802
0.97769 0.407726
0.879446 -0.103845
1.68545 0.838378
3.83044 -1.89123
3.64918 -2.35112
1.83353 -0.11704
0.872826 -0.791182
4.37541 -1.058
0.738912 0.815402
1.66545 1.43931
0.391751 0.632856
-3.81975 -1.28757
-6.99283 1.05111
-2.59835 9.30005
-0.0021573 -1.17946
-0.0344093 0.00401545
6.35004e-05 -8.85719e-05
0.0702185 0.00855469
0.00628388 0.0203111
0.0477475 -0.537959
-0.66767 -9.01078
-0.0643493 -0.142869
-0.0153305 -0.0074134
0.0162757 0.0196027
0.0420033 0.0776014
-14.9638 -21.9913
-8.73893 7.63848
-6.36685 2.07126
-2.99105 1.31686
-10.1297 0.597667
1.12533 -2.64358
0.391598 -3.65739
0.247478 0.691788
-3.72273 10.0876
8.45933 -10.1282
-9.97785 -4.35944
0.81039 0.646496
-0.109409 0.827813
-1.4744 -3.6046
-2.69905 4.10964
-0.798007 0.384105
-0.277192 -0.414006
-1.25927 -0.675945
0.726022 2.42775
0.815617 -0.761384
-1.44172 1.06003
-0.187544 -1.98278
-0.696741 0.303301
-0.535891 -0.388444
-1.01926 -3.65875
0.526631 0.828863
0.0925609 0.127322
-4.92289 2.2323
-3.39994 -1.37736
-1.20954 3.16736
0.235924 0.385062
-0.757976 -0.0288057
-2.16047 0.337419
-3.43229 -1.18969
-0.26516 -0.344711
-1.96155 -2.02693
-0.926001 0.56329
-1.73558 -0.376823
-0.410608 -0.00282123
-0.81326 0.349115
-0.57043 0.697427
-0.676642 0.297643
-0.456479 -0.146507
-0.107764 -0.655956
0.37731 -0.678813
-0.123321 0.768272
-0.742065 0.938272
-0.600515 0.268748
-0.381847 0.0819736
0.449325 0.0300286
-0.575291 0.1831
0.289034 0.0737026
0.397168 0.196581
-0.0317979 0.105826
1.3864 0.398789
0.761495 -0.0933038
1.59249 0.0339851
0.795774 1.86322
2.68056 1.02264
1.35466 -0.729763
1.45895 -1.33522
0.960022 -1.29194
0.645867 -0.450182
1.57273 -0.5579
1.89679 -2.65519
3.47141 -2.325
0.483708 -5.0742
-0.730795 0.937105
-7.26841 -2.18239
0.0679246 -0.085191
-0.21876 0.301964
-0.0241465 0.0501472
-0.673091 -0.00942665
-0.388159 -3.95394
-1.69173 1.37061
-0.815382 -0.706122
-0.0114861 0.0238072
-0.701962 -0.530404
-4.26745 -4.94686
-1.69863 -4.1614
-5.30135 -4.36071
-4.85847 -3.41913
-0.407699 -2.67696
-15.8438 6.92909
-1.01334 0.0487872
-0.404291 -0.181621
0.213864 1.79669
24.944 46.1489
3.82855 -21.7834
-0.456485 -1.79602
1.08367 -1.09051
-3.21605 0.473501
-2.41212 -5.44908
1.72465 0.531971
-0.757818 -0.125067
-0.166078 -0.407848
-0.16654 -0.194186
-0.346413 2.59853
-0.189667 1.05234
-0.109432 -0.589955
-0.311158 0.525664
-0.00155204 1.7122
-0.607345 -0.596051
-7.45253 3.16421
-1.54701 -0.90093
-0.200934 0.384701
-2.98673 5.27162
-3.07234 0.36065
-0.519032 0.175983
0.054784 1.32662
-0.385951 0.698677
-0.841057 0.889608
-2.95531 -1.55723
1.44827 -1.27979
-0.728619 -1.26185
-0.874349 0.462259
-1.91975 -0.246553
-2.45361 -1.47373
-1.67491 1.92467
-0.510056 1.77371
-1.49662 -0.687815
-2.25931 0.146075
-1.49204 0.338367
-0.698625 -0.698849
-0.162567 -0.470613
0.405916 -0.678501
-0.601414 0.472979
-1.00899 0.0918576
-0.578193 0.712886
0.106112 0.787979
0.354577 0.083194
0.303652 0.254519
0.952325 -0.243496
0.299168 0.416186
0.720159 0.693146
1.01003 0.62317
1.42185 -0.0152507
0.837847 0.637448
-0.171517 0.203699
1.98233 -0.117758
3.55564 -2.271
2.08036 -1.91553
1.81138 -0.933541
0.400714 -0.790882
1.94314 -0.454776
0.577622 0.0185251
5.938 -7.0457
-4.46852 -0.538753
-0.843063 0.390759
-0.010631 -0.575786
0.00162447 -0.012081
-0.00507961 -0.0321972
0.251559 -0.832449
0.0073096 -0.0319889
0.0085796 -0.00982841
0.198273 0.220756
-0.0169945 0.0833788
-0.0199796 -0.0607488
-0.0209492 0.0484317
0.0703872 0.00638399
-4.14273 0.600004
-3.65325 5.71598
2.824 -16.1026
0.469103 2.45531
0.147299 0.209084
-0.221586 -0.589919
57.3571 -2.2582
-41.1115 11.1377
-1.59618 2.21105
1.0162 3.71256
-0.990922 -3.01044
-2.36499 6.20132
-1.24766 2.49806
-0.233769 0.611537
-0.297931 -0.17961
-0.199025 1.08521
-0.0627676 2.38819
-1.12018 3.35221
0.102419 1.63296
-1.87658 2.94699
-0.623598 1.09005
0.0514866 -1.43509
-4.52335 5.93096
-0.207083 0.519235
-0.959681 -1.5292
-1.14153 -2.3178
-2.09227 -0.991395
-2.62049 1.90125
1.74026 1.73776
-0.0462632 0.318388
-2.66328 4.53232
-0.746807 0.623376
-4.15645 1.88202
-6.16184 -0.857619
-2.40686 0.719382
-5.08532 1.37334
-1.58598 1.87673
-3.85616 1.33112
-4.42032 -0.978592
-0.555456 0.603151
-2.96604 1.59898
-2.99223 0.972871
-1.23245 2.33822
0.140862 0.0801761
0.566486 0.301956
0.207238 -0.285033
0.355812 0.0418974
-0.597941 0.287195
-0.402494 0.921867
-1.28484 1.30825
0.548475 0.621967
-0.248944 1.31624
0.291156 0.154471
0.216022 -0.0346947
0.697304 0.452985
-0.372226 2.11464
1.70179 -0.844746
0.738863 -0.443586
0.69996 0.576504
0.64051 -0.0965446
1.53136 -1.75773
2.16024 0.726843
1.95926 -1.13246
2.83167 -1.13571
1.67475 -0.897672
1.61239 0.735106
3.79384 20.8678
-2.4004 7.58563
-1.85125 -0.984674
0.105306 -0.643893
0.809098 -2.74337
5.05326 -9.71548
0.536901 -0.512007
0.690612 0.101681
0.385565 0.238359
-1.60863 -1.41871
-7.03253 -4.42349
-0.783434 -1.55432
0.954573 -0.592352
0.0505251 0.0868851
-2.18436 -2.94511
-3.0559 15.2094
-0.50653 0.659377
-0.175137 0.786232
-0.0748956 0.844529
-36.9275 36.4464
14.0347 6.91783
1.75939 1.06283
8.23615 -3.01119
-5.1969 0.568724
-0.649159 5.93631
-5.89308 -4.2174
0.389093 13.6669
0.0474167 -3.01251
-5.46456 -4.26103
0.672914 4.01292
-0.215562 0.171515
-4.17121 0.0339884
-9.70829 2.19269
-3.48566 -0.645685
-0.594265 -0.266673
-0.539647 0.0896334
-4.65894 -4.78999
-0.448183 -0.483984
-0.0724359 -0.347753
-0.135908 2.7883
-1.00895 2.74015
-1.87672 1.47837
-1.4489 1.05913
-2.89766 3.52679
-1.34402 -0.353505
-0.405999 1.57538
-4.48612 2.34176
-1.43622 2.80563
0.542519 1.32417
0.0134423 0.428993
-1.07521 1.58714
-3.11575 -2.77329
-2.68104 0.161412
-0.71441 -0.464827
0.272885 1.27085
-0.94315 0.394924
-0.403537 0.199289
-21.9621 13.3853
0.466729 -4.75167
4.41587 0.547091
2.29215 -1.88001
1.16007 0.56135
-0.561217 3.56765
-1.39349 1.43024
-0.756423 1.48599
-0.470085 0.919013
0.0465566 0.690484
0.105664 1.37874
0.8315 0.220419
0.478925 1.13665
2.67556 3.37706
2.22691 -0.55268
0.493797 2.45569
1.14408 -0.65115
-0.571697 3.22727
1.08457 -0.151595
5.86962 -1.76831
1.61215 -0.451501
1.50149 -1.5052
-0.14584 -2.19955
8.08365 3.22156
-0.935586 -3.30949
7.1271 -10.5243
-0.196456 0.0199506
0.0989421 -0.339834
0.116397 0.0465057
0.114923 0.194686
-0.330616 -0.0828287
-2.75337 0.606002
-1.43558 -0.570959
0.060562 -0.0131663
-0.119771 -0.0703836
0.0118199 -0.0322365
-0.330891 -0.185413
-10.8454 -15.5317
0.938909 2.35333
0.0391183 0.847091
-0.427364 1.48923
-11.9445 4.35139
-3.26152 5.40357
-1.6178 -0.08892
-9.06114 -2.34191
0.549322 -4.79891
0.051246 -0.476063
-0.417721 0.613194
6.04774 -0.599257
2.61743 4.07758
-0.214513 0.708313
0.00402705 2.18812
0.370484 -0.986976
-1.09636 -0.196505
2.033 -2.00839
-2.55485 1.8791
0.748265 0.542356
-1.60946 -0.497062
0.509007 -2.03502
-7.40858 0.929763
-0.730408 0.77127
0.441901 0.656568
-0.531464 0.814143
-2.92065 -0.440045
-0.641277 1.23896
-0.199623 0.640797
-3.69792 0.976547
-0.90285 1.49902
-1.98719 1.45604
-0.991735 0.783022
-1.11589 1.52856
-0.312215 1.66135
-0.300939 0.255684
-4.65189 -2.17972
-1.17323 2.06737
-1.68918 1.4231
-2.78054 0.910715
-0.604434 0.696199
3.87842 -2.27305
-1.24545 -1.09093
12.3327 -0.0671558
-1.99379 2.38239
-1.70283 3.07411
0.889645 4.43334
-0.517261 4.0685
-0.64344 -2.36432
-0.453759 0.209115
-0.775542 0.750024
-0.0253587 0.511572
0.130392 1.94417
1.25453 0.115368
0.859468 -0.594857
1.27856 -0.456653
2.10452 0.302561
6.90932 1.10088
1.64727 1.66327
2.67654 5.49603
1.49297 2.23876
2.16206 1.75871
-0.1798 0.64945
10.0896 -3.37843
3.11005 -0.0678554
1.98501 -1.10627
-4.0195 2.77239
-3.36958 -2.49616
-13.2556 -51.546
0.0780348 1.32643
0.00648211 0.0335914
0.0131585 0.219355
0.0668863 -0.0782985
-0.175046 0.298996
-0.975992 0.106788
-0.174758 -0.0500377
0.689713 0.172667
-0.126242 -0.184108
-0.409017 0.0947634
0.260666 0.347762
-0.207228 0.962907
-0.0724399 0.61691
-4.1203 5.01476
-7.51952 3.81405
0.729308 8.24113
-0.630295 -0.800005
-3.45222 -1.45391
1.79324 1.16777
-1.58677 1.03121
0.0194151 -0.375769
2.73258 -1.96252
-3.56624 -2.04371
8.94738 10.9461
0.144066 0.276887
-0.15338 0.908407
1.01055 -3.01083
-0.764293 -0.734493
-4.866 1.57666
-2.49028 0.635541
-3.79927 -0.347332
-1.9603 0.0287189
-3.02212 1.5854
-0.717805 -0.177506
-0.245251 0.677196
0.125146 -0.123705
-0.425871 2.03209
-4.48375 -1.39973
-2.24573 2.26674
-0.379825 0.995599
-1.28308 1.0792
8.26603 3.52048
-7.50706 7.53728
0.629936 1.7208
-3.01292 -1.66825
-1.77539 1.28019
-1.56176 2.09868
-3.63221 1.49405
-2.14666 1.86152
-2.32353 3.32007
-2.35467 0.832032
-1.82594 1.04403
2.4709 -1.76267
0.455952 0.234693
-6.23978 -8.605
5.3316 -0.62176
-0.0596115 -0.779618
5.01727 -4.01008
-1.9471 2.01377
-3.63857 -0.923938
1.27606 -0.301066
-1.17136 1.69956
-0.744338 0.912486
-0.694085 0.471564
-0.366202 0.598416
0.277692 1.06407
0.761756 -0.322418
0.556655 -0.247631
0.281761 0.827767
4.31968 0.565679
0.128482 0.69023
0.13919 1.16015
-1.57152 1.67535
4.26043 1.5399
6.8835 -0.980087
8.20118 1.17259
2.71607 -0.638431
-12.1883 -8.86096
0.873163 -4.12804
4.22447 14.1794
-0.0198869 0.392088
-0.0966994 0.229546
0.171584 0.00551604
-0.222497 0.339057
0.101189 0.121451
0.182236 -0.20419
0.0375984 0.235398
-0.124864 0.157224
0.0252301 0.0283159
-0.0685661 0.0240884
0.00885505 0.0271342
-1.00286 3.34547
-0.308471 1.84751
0.708259 -1.79454
7.84052 -4.31686
-7.2892 6.66609
-8.54236 5.0091
2.25568 1.34862
0.031201 1.9596
-0.22798 2.86903
1.74413 7.47147
0.105816 -0.224959
-3.84571 3.63639
-6.07161 5.42369
-2.48753 0.463885
1.09549 -1.72578
-1.20061 1.46956
-0.868253 1.27859
-2.4756 0.47292
0.846745 -0.457966
-0.42559 1.2825
-0.563414 0.121002
-3.58704 -1.27883
-2.37728 -0.63059
-0.317646 -0.462583
-0.489547 2.10201
0.0512863 0.681898
-4.07798 0.448218
-0.405703 -0.278833
-1.10807 1.60165
0.0442112 2.06038
-1.20274 -0.828548
-0.953282 -0.536262
-0.0765423 3.80196
-3.72318 3.396
-0.320263 2.53141
-2.67021 2.2558
3.11291 -1.03238
0.532727 2.00799
-1.72485 3.38003
2.48853 4.83077
-2.8988 2.83396
-1.63539 0.302144
-0.475292 4.85129
3.82985 -4.01721
-0.148046 -2.9158
22.5722 28.8189
-0.464155 -2.66883
1.07279 -1.58244
-3.71685 8.53733
1.22013 0.111752
0.188019 -1.09322
-1.31271 0.253763
-1.30326 0.223387
0.898665 -1.01238
-0.248131 0.493722
-0.0287442 0.251176
0.898408 -1.06729
0.113354 0.260859
-0.292973 0.85516
-0.0470362 -2.16218
0.152495 3.96739
3.09327 -1.74872
-0.239093 -2.11598
-0.174804 0.783808
0.767536 3.58185
0.283931 -0.570131
-1.55027 1.37887
-5.20565 -3.33848
2.15202 -5.07433
0.0142893 -1.03922
0.0155544 0.00403207
-0.0426639 -0.0395974
0.230374 -0.0175527
0.0106163 -0.00494262
0.0091203 0.0139545
0.100597 0.142318
-0.00562908 -0.00107321
-4.56317e-07 -2.85419e-07
-8.42831e-06 2.61138e-05
0.00506898 -0.00651574
-0.448039 0.7679
-12.411 4.61057
-25.7423 34.0462
29.9183 -34.4912
0.0353879 3.67559
2.75515 -1.08789
-7.51815 -0.664922
0.0239138 1.027
1.73051 1.70887
1.30076 -0.0109659
-6.99479 -1.93237
9.4562 -2.19741
-3.59572 -1.82413
-0.127328 0.0602189
-0.0316272 -0.0939389
0.000990978 -0.0068705
1.0091 0.244374
0.164439 0.0653546
4.82442 0.872455
-7.18096 1.89109
-1.54617 7.69925
0.285107 2.1213
-0.4934 0.569349
-1.42437 -0.0178101
-1.38317 1.15249
-0.550459 -2.03967
-0.945892 1.01462
0.138574 0.695805
-0.946039 0.912983
0.854643 -1.27377
-0.59872 2.7931
0.0869218 1.53915
-0.192581 2.77431
0.0914124 1.22403
-1.71314 -0.11971
0.0106554 1.0184
-0.142716 0.571956
-0.319473 0.675548
1.7879 1.63964
4.85217 5.34547
-1.27156 -0.762568
-0.496409 0.998114
0.358951 0.895325
-0.680904 1.50314
-0.657248 2.17862
0.310816 5.29789
0.801536 1.53243
-0.979569 0.805783
1.66062 0.911637
-0.420708 0.65051
1.63861 -0.352894
1.12404 -0.405323
-1.38758 0.588456
-0.105381 0.229972
0.556988 -0.207246
-0.194514 0.364571
-2.1614 1.96241
-0.596156 0.75688
0.525392 -0.123754
-0.3295 0.804113
2.27064 -0.69235
-1.91031 -2.26853
-2.52193 -3.35617
1.8054 -5.20487
1.97694 -1.31858
-4.76868 1.4064
-7.50907 -5.83483
-4.15711 -5.70814
0.797583 -1.00797
0.0966219 0.7102
-0.258648 -0.320469
-0.960771 0.82269
0.291076 0.111073
0.00190512 0.000865997
0.0651935 5.48316e-05
0.0464319 0.0879422
-0.000834542 0.000360208
-9.54416e-05 0.000365248
0.000120067 5.28285e-05
-0.179106 -0.0125567
-7.79886 -0.269099
-15.1838 62.6643
14.2998 -28.8784
-0.83128 2.18622
-2.41602 0.113842
1.97354 1.76984
-1.03753 1.15415
-0.0260539 -0.571452
5.0378 -2.12783
-2.97555 0.381252
-0.108983 3.00775
-0.161822 8.92166
-1.15598 0.955952
0.0241808 0.0018415
0.00218726 -0.000520965
-0.000486205 -0.000151801
0.097201 -0.0105988
-0.0880186 -0.00234803
0.382322 -1.30956
-6.0475 3.03547
-1.64138 0.384148
-2.36052 1.8654
-2.02568 1.45807
-0.238387 0.596254
-0.115383 0.694607
-1.08441 2.4504
-0.926989 0.111376
0.550177 0.888198
-0.653066 0.595521
-2.85021 0.230564
-0.353359 0.448237
-0.281447 0.377818
0.0469181 1.79337
-0.564626 1.22121
-1.50931 0.565168
-2.091 1.29732
-0.214617 0.226159
-2.9868 -0.192127
-6.43441 6.64937
-6.46497 5.50501
-2.23568 0.595709
-1.36126 2.13961
-0.0270246 2.91479
-1.47079 1.60655
-0.530924 6.65686
1.58318 -2.03266
0.227344 0.921622
-1.31567 -0.471139
-0.399312 1.48688
0.208503 0.66585
0.527394 1.20375
0.313707 1.7339
1.00473 0.222347
-0.051148 1.04784
0.310325 0.915509
0.744758 0.245783
0.383196 1.37445
-0.360025 3.28176
-0.429764 1.21481
0.0824583 0.676762
0.657591 0.147272
1.2408 -1.45951
-6.21283 -4.16145
-1.47462 -3.69621
-1.19345 1.11834
-2.35106 2.08536
-2.32046 -1.43878
6.03228 12.2579
25.3778 -16.813
0.0334603 -3.26015
0.0175818 -0.021485
-0.257336 -0.219819
0.23412 0.11978
-0.00111696 0.0010875
0.0460818 -0.0248674
-0.0014243 0.00358835
0.141839 0.031135
-0.0898724 0.0909363
-0.0269761 0.0073163
0.183092 0.252291
-49.509 -78.0516
-39.4449 -65.8896
-2.87598 -2.48495
-0.930569 2.69965
7.73925 0.0774638
-3.5009 -2.71322
-0.476776 0.738048
4.26663 4.22429
0.200491 -7.53929
5.1871 -0.516877
5.35353 1.19908
-0.290056 -1.71906
0.157652 -0.365072
-0.0361007 0.0791158
-0.170035 -0.0763074
-0.0085087 -0.102237
-0.0603722 -0.0862473
-0.00689046 -0.184237
-5.02527 4.31153
-4.83134 1.80343
-3.15325 1.82704
-0.32982 0.227795
0.267052 0.282903
-0.216894 3.23597
-1.67624 2.68798
-0.269498 3.41789
-0.124103 1.21769
-0.149586 2.63729
0.670116 1.4263
-0.14691 0.35126
0.270282 1.51781
-0.129702 2.2229
-1.07466 2.06
0.303074 2.75169
0.543041 1.60162
0.835229 1.77699
-1.58259 2.03946
5.07145 4.46947
1.7542 4.22322
0.331866 1.87796
-11.2216 10.8074
1.03042 3.55464
-0.122618 1.71026
0.284304 3.81654
1.73241 4.5861
-4.30382 -2.04365
-3.92806 7.16033
-1.84021 2.10823
-0.629777 1.31218
-0.125141 -0.367944
1.51775 0.967104
-0.0360935 1.44688
-0.356151 1.61647
0.101073 1.28302
-0.180178 1.31638
0.526837 0.58692
0.00311848 0.371526
-1.30755 2.10942
-0.0373715 1.08227
-1.41226 1.30937
0.839947 -0.808351
0.617255 -0.105329
-0.240173 0.519978
6.7832 -2.50141
-4.28762 -2.1218
0.681176 0.233751
2.24058 -4.31215
0.305576 -13.6336
-0.934074 0.289609
-0.0355694 -3.45306
-0.0115264 0.00740199
-0.199361 0.00182689
0.0842226 0.154218
-6.05689e-07 1.1261e-06
-0.00280675 -0.000980038
0.0109086 -0.0242747
0.0516213 -0.0530562
-0.00150799 0.00600827
-0.337169 -0.182312
-4.97016 0.0737761
67.5699 -11.421
-0.250314 -0.886712
6.52921e-05 -0.00621127
-0.00104742 0.00588718
0.00368772 -0.00662987
0.0427922 -0.0468076
0.000823759 -0.00580739
0.00175117 -0.0113829
0.00469956 -0.0292913
0.00469907 -0.00132033
-0.0162558 -0.115757
-0.011222 -0.000748065
-0.0159693 -0.000586574
1.07712e-05 1.60126e-05
-0.000155795 8.62849e-05
-0.0173342 -0.00792677
-0.110867 -0.0470516
0.0551511 0.0934463
-3.02151 5.62521
0.00228455 0.00391555
0.033266 0.0170475
0.00215255 0.00256839
-6.19e-05 -9.34945e-05
-0.00351918 0.0136134
-0.128296 0.0366707
-3.05412e-06 -4.68276e-06
-0.00347105 -0.00979059
-0.00891154 0.00194591
1.41678e-05 3.24993e-05
-0.493931 -0.307758
-0.0870011 -0.203452
-0.0617111 -0.000796436
0.0226147 -0.309425
0.00158352 0.0831479
0.00458104 0.0167974
-0.204805 0.621652
0.102253 0.0292491
4.03703e-05 1.25321e-05
0.00217578 0.00955978
-0.0166343 -0.00281903
-0.0150711 -0.0423915
-0.0332454 -0.0164239
0.021521 0.0259699
0.00021452 -9.84274e-05
6.41538e-06 2.42629e-05
-0.170722 0.0451135
-0.20281 -0.000356288
0.0252985 -0.529898
0.054011 0.133514
0.0455003 -0.148347
0.0266138 -0.0498653
-0.0488093 0.180519
-0.0524038 0.0975406
-0.810934 1.46823
-2.00549 2.37592
-0.503439 1.44249
2.1593 2.86578
-1.3487 2.06504
-0.0674348 2.0717
-0.212674 5.47092
-0.572051 1.46452
2.50359 1.60717
0.63653 2.73111
0.166178 1.36191
3.996 0.968377
4.64419 -0.659301
-0.206296 -0.403345
-4.01339 8.14159
-1.97404 -1.65506
-0.0031591 -0.655319
-0.0758408 0.286444
0.220365 0.150392
4.87275e-05 8.78472e-06
-1.06324e-05 7.03091e-07
-0.0241427 0.000872266
0.0634206 -0.0334739
-0.00418605 -0.00011378
-0.677019 -0.351435
-4.6081 -11.4799
4.72795 -2.26733
4.0332 3.68912
0.638077 -0.166273
0.0680417 0.00374686
9.50858e-05 -2.56277e-06
-0.000191876 -1.73154e-05
-0.0174361 -2.53555e-08
-0.000325247 -1.18899e-05
0.00487704 -0.000167423
8.46513e-05 -1.60918e-12
6.87368e-06 -2.04123e-13
-2.70583e-06 -6.1346e-13
-0.00301397 3.30153e-10
-0.0354267 0.00139821
-0.00131364 -2.32652e-08
-0.0107044 -0.001968
-0.00145339 0.000374263
0.156015 -0.0636201
-0.0350069 -0.00468814
4.05257 -0.41781
-0.0485067 0.0843115
0.00361995 0.215324
0.00236171 -0.000388945
-0.106834 -0.0465196
0.0216705 1.20437e-07
-0.0376577 -1.71445e-07
0.0903707 2.19085e-05
0.0231484 4.95702e-07
-2.45416e-05 -2.2407e-10
-0.00120052 -4.14925e-08
-0.181376 -0.0617946
0.0268731 0.042477
-0.148038 0.0410871
0.351526 0.113726
-2.85098e-05 0.000113466
0.000807129 -0.000149471
0.0569412 0.197721
-0.229847 0.237314
-7.8988e-05 -3.00823e-05
-4.30226e-06 -3.90647e-08
3.61882e-08 -4.89285e-09
0.000405782 1.49492e-05
0.0188188 1.2664e-08
-0.250278 -0.014134
-0.024958 0.000992407
0.000841466 3.3456e-05
-1.93398e-05 2.21293e-09
-0.0165083 -3.20534e-09
0.0523746 0.188239
0.126575 -0.0433758
-0.0290664 0.0334351
-0.175583 0.0417977
-6.05796e-05 7.84496e-05
-0.00714689 0.0655564
-0.355606 1.08183
-0.363661 2.46291
1.36014 0.674588
0.23223 1.70299
-2.65709 3.15726
1.72996 0.488576
0.47237 2.34913
3.37463 -0.727027
0.993638 -0.753885
1.63406 2.17817
0.327896 3.10035
1.92988 -0.839314
-3.40088 3.58204
-13.5978 14.5621
-16.6886 2.11023
-3.98247 4.07717
-0.00537154 0.00541533
0.00111624 -0.00167723
-0.235516 0.622565
-0.0164157 -0.022349
2.67536e-06 6.59083e-06
5.6089e-05 0.00266409
0.165023 0.00366383
1.54977e-05 -5.95791e-05
0.0817557 -0.0279239
0.0150851 -0.0367054
0.0199781 0.149407
0.743609 5.95246
-0.191204 -0.0699799
-0.0690917 0.000982875
-7.12174e-06 3.50908e-06
2.69745e-08 1.42715e-06
0.0536421 0.00243546
0.0669237 0.0278918
-0.00644665 -0.000771456
6.7142e-06 -1.41103e-06
9.12605e-07 2.41115e-06
-5.19685e-07 8.42112e-09
-4.49832e-06 1.52812e-06
-0.000141083 0.0001618
-0.000432902 0.000306034
0.000447087 -0.00121401
-0.0162274 0.0166197
0.0569461 0.0223113
-0.00717124 0.00674847
0.407697 0.270427
0.133969 0.272648
0.000143159 0.000100693
-1.88656e-06 1.88584e-06
-0.00168516 -0.0199014
-0.145385 0.0566917
0.0860658 0.226966
1.62923 0.776224
0.167501 -0.126142
7.88722e-06 -0.000776397
-5.48813e-05 -8.17092e-07
1.30085e-06 -5.21036e-06
4.22708e-06 -3.51871e-06
-1.0316e-06 -1.72118e-06
3.45343e-06 -2.87241e-05
4.51796e-08 -9.14817e-08
3.2551e-05 8.17991e-05
0.00265609 0.0114153
-0.000121481 0.000214741
-4.6978e-05 1.32336e-07
-5.32074e-08 2.19236e-10
2.93462e-11 -6.17897e-11
-4.23299e-07 -5.46594e-07
0.00574887 -0.021977
-0.443029 0.0486389
-0.186494 0.295746
0.0547439 -0.016901
8.19275e-05 1.73712e-05
-0.000107089 -9.60619e-06
-2.54559e-05 -1.17581e-05
2.74922e-06 1.08015e-05
-3.39854e-05 8.3902e-06
-0.000122362 0.000122307
-0.00113329 3.13109e-05
-0.112277 0.0219602
-0.896387 -0.679585
0.719977 0.314202
1.24143 0.706602
0.747271 -0.751584
-0.27377 0.444242
0.0693556 3.83427
2.18013 -0.101921
-4.20836 3.53365
2.47011 2.28662
1.04958 -0.581861
-0.390947 0.30118
0.164036 0.0862113
2.65668 -1.9913
-4.36106 -3.16925
-4.45981 4.34632
-3.73763 -0.809343
-0.0175974 -0.928445
-8.21577e-08 -1.35782e-05
3.50126e-05 3.0212e-05
0.00385342 0.00609172
-0.000255754 0.000639113
-0.0396192 0.0548697
-0.0963831 0.189759
-2.45857 -0.925893
-1.08039 0.335906
-2.06273 -3.9859
1.92393 0.144196
1.83303 0.959223
0.0854173 -0.463509
-0.0184218 0.00259719
0.00576847 0.0035352
-0.011907 0.0164878
0.0361392 -0.00017138
0.071114 0.00219676
0.0393614 0.0124886
0.0292515 -0.000212155
0.00023465 0.000241492
9.63624e-07 1.508e-07
2.22391e-06 -7.15043e-08
6.5937e-08 -4.98596e-08
-1.30391e-08 4.55967e-08
-1.76461e-05 0.000110601
8.09358e-06 -6.63914e-05
5.14804e-05 -8.41317e-05
0.00381149 0.00753251
1.17644 1.62441
0.119603 0.42625
0.000708823 -8.10097e-06
-5.12373e-06 8.83292e-08
0.0176342 -3.98393e-08
-0.431208 -0.0884929
0.140688 0.22105
0.215244 0.675094
0.00305145 0.0201612
-5.45573e-06 -7.41869e-06
-8.06087e-06 -3.17563e-07
-1.15422e-08 1.56548e-07
-5.80688e-10 -1.08586e-09
3.21587e-10 -1.77178e-08
1.7422e-10 1.80591e-09
4.30592e-08 1.79637e-08
-1.08404e-06 3.20257e-06
-8.12898e-09 8.79662e-05
4.09102e-07 6.14399e-06
1.78375e-07 3.983e-08
2.01518e-08 1.14755e-12
-1.0833e-08 2.00837e-09
-7.55998e-05 -3.47496e-05
0.00642539 -0.0765135
0.209863 0.0150484
0.109376 0.109191
0.326188 -0.0690555
0.0138609 -0.00180515
3.72413e-05 -2.40873e-06
-2.98001e-10 1.7995e-10
-2.95844e-11 -3.54411e-11
1.01197e-09 -3.52365e-09
-1.20386e-09 1.25094e-08
-0.00045985 0.000440235
-0.0285755 0.160218
-2.3112 2.91797
0.504991 3.06184
1.34472 3.47974
2.72355 3.38513
3.11294 2.53876
0.948948 0.332459
0.124302 1.49953
2.02251 0.228708
0.501303 0.527011
3.34119 0.0898275
0.013632 0.0346727
-1.68901 1.89368
-0.190044 0.476565
-0.539453 0.0882212
-5.76278 -2.21831
-5.17219 -4.86558
-0.0102996 -0.596996
-5.66341e-05 -1.06696e-05
-0.0827657 -0.0568593
-0.000650349 5.15536e-05
-6.92952e-05 -9.21165e-05
-0.039684 -0.0224311
-1.2685 -1.30691
-0.0483463 0.0133707
-0.371143 -0.257833
0.0489088 0.0657488
0.0258543 -0.0455158
0.778432 0.24304
-0.670601 -0.367589
0.196918 -0.293297
0.0354121 0.00785346
0.0423337 0.39881
0.0252877 1.8199
0.162019 0.632343
0.102338 0.13598
-0.0143567 -0.00335097
9.66836e-05 2.42725e-05
0.00246287 8.32585e-06
0.00624679 -0.00124431
0.00945581 1.65313e-08
9.39964e-05 -9.26514e-05
-7.43991e-07 -6.72656e-07
7.85728e-06 2.85014e-06
9.24367e-08 -2.6098e-08
-8.15444e-05 -1.47059e-05
0.119206 -0.07389
2.00897 0.97641
0.0161731 0.00404705
-1.03506e-05 -4.62956e-06
0.000326726 0.107303
-0.00715101 0.130936
-0.00431172 0.00057766
0.0093003 0.0020891
0.00104995 0.000137581
-0.000103536 -0.000150604
-0.0044315 0.00524544
0.00282643 -0.000674839
-0.000210258 3.47262e-06
-0.00103361 9.00823e-08
-2.27271e-06 -1.12578e-07
0.0010175 1.09389e-06
-0.000731733 0.00021051
0.000754789 0.00159228
0.000293698 -9.94429e-05
0.000964043 -0.000196446
1.54115e-05 -1.21587e-05
8.86813e-06 4.64722e-06
-0.000113127 3.50599e-07
-0.0132326 0.0016163
-0.00754918 -0.00407353
0.263077 0.0940905
0.13406 0.00917281
0.00633659 7.07761e-06
2.54371e-05 2.55094e-09
-0.000120432 2.23333e-05
0.000185876 -9.99031e-09
-0.000227154 -3.79487e-06
-7.31774e-07 -4.18978e-07
-0.000489983 -1.64113e-06
-0.000574905 -0.000204948
0.445463 0.156563
0.384945 0.475701
0.774559 1.32471
0.372819 0.980125
-0.000500342 0.625901
0.368962 0.713865
-0.404923 0.295149
1.10895 3.45242
0.475427 0.246113
2.31166 -0.557897
0.529832 0.541107
1.70169 -0.643617
0.432266 1.76326
-0.754318 -1.56344
-6.05207 -2.19999
4.05508 0.682866
-1.26227 -0.745142
-0.16749 -0.0118751
-0.470868 0.00989432
-1.87066 0.111121
-0.527667 0.0488709
-5.14357 -0.571203
-10.1084 -1.47695
-8.46727 3.15399
-1.82743 -0.254298
-1.27207 0.0540519
-0.225699 -0.0582305
-1.8714 0.146242
0.647432 -0.00976452
0.713963 1.29086e-06
-0.445081 -0.00839446
1.68687 -0.015471
1.74789 7.4762e-10
0.0540032 -4.80357e-06
-1.44595 -8.56544e-06
-1.58595 2.2399e-07
0.434561 0.00399122
0.949758 4.26491e-06
0.945705 4.3421e-06
0.834686 4.83821e-06
-0.399887 5.54733e-06
-0.904719 0.00814987
-1.14535 -0.0103155
0.447589 1.64082e-09
-0.248298 0.00232089
-0.112073 -1.39019
-0.0704108 -0.000609997
-1.12632 -0.00978331
-0.752982 0.00644063
-0.683315 -0.00593548
0.432604 1.00474e-06
-0.0261186 4.08141e-06
-0.133738 7.92102e-06
0.323672 0.00276761
-0.285264 0.00243961
-0.114106 6.43258e-06
0.216407 0.00373191
-0.038358 0.0314605
-0.131459 0.138382
0.0396756 0.0796474
0.1721 -6.89681e-14
-0.196588 0.0205436
-0.612085 0.168627
0.688258 0.00620179
0.209419 2.63383e-06
0.026345 4.96386e-08
0.0437182 4.30558e-08
0.0400164 -0.000353185
0.00616065 0.000108861
-0.0203191 1.49828e-10
0.0559676 8.20511e-07
0.0972985 0.00420642
0.0750916 -4.61153e-05
-0.00864456 1.66815e-16
-0.0595715 3.19162e-16
0.0861985 1.43776e-16
-0.00309373 0.0523573
-0.0542091 0.0742168
-0.0816653 0.0229378
0.221078 -0.0169215
1.13643 2.17072
1.60869 2.58952
0.300312 2.84723
2.68413 4.08423
-0.312352 3.1374
-0.227312 1.08839
-0.332097 1.78084
0.954048 1.87496
-0.879654 2.92157
2.26457 -0.28599
0.264908 5.58927
0.48508 -0.288124
1.64177 -0.700519
-1.0493 6.70472
10.3052 -9.8005
0.941143 2.99479
0.125404 8.25736
2.64558 8.46344
0.179518 1.58052
0.0123115 0.0259473
-3.12705 0.108059
-102.968 -67.2255
15.6629 144.375
-0.480165 6.63013
-8.16159 12.8268
-3.84509 13.7139
1.11059 6.79405
0.632224 3.86024
1.47356 11.6328
-0.37188 11.5128
4.13171 6.79306
1.2914 7.09965
2.35407 2.72816
-6.68099 0.996368
-7.77534 5.24163
-8.0425 2.03136
-0.245171 -0.777311
-2.82746 0.403797
0.313084 1.66455
-0.673947 2.17844
-3.49611 2.67385
-3.81899 -0.136742
-1.86268 1.66441
0.765222 1.96341
0.795513 2.25011
-3.07501 1.80584
0.388262 1.07112
0.0299652 1.62686
-0.660073 0.607785
0.23347 0.905107
1.66018 1.46563
0.458759 1.41244
-0.403341 2.1247
-2.78177 -1.38543
-0.940574 0.266282
2.70785 2.63053
2.75695 3.36671
-0.887781 3.79951
2.25914 3.13195
5.27886 7.24533
2.5289 6.30624
-3.52178 3.88711
0.984679 4.07437
-2.13035 7.84888
4.36283 4.94107
1.80685 2.64122
3.37207 2.54542
3.9117 1.32957
-0.424966 5.23033
-1.79454 4.07514
3.74624 1.35523
3.66988 4.29403
-1.82103 -1.25788
2.37103 -2.40358
1.67736 3.68801
3.3431 5.10594
3.73196 1.98906
-0.680442 3.76502
-1.84253 3.99279
1.51069 4.73877
-1.86991 5.4938
-0.287786 2.77682
-1.09172 2.43873
-1.25715 3.75922
-2.04907 4.27897
1.04434 4.12881
-2.62738 3.40839
1.58639 4.61822
-0.0871657 0.309948
2.6159 1.04165
-1.21855 3.07016
-0.463124 1.25158
-1.5474 2.09305
